<?xml version="1.0" encoding="UTF-8"?>
<testsuite name="Verify Sulfuras behaviour" tests="1" skipped="0" failures="0" errors="0" timestamp="2020-11-21T18:52:06" hostname="Workbook Pro" time="0.004">
  <properties/>
  <testcase name="Sulfuras always has the value of 80 and sellIn doesn't change" classname="Verify Sulfuras behaviour" time="0.004"/>
  <system-out><![CDATA[
Scenario: Sulfuras always has the value of 80 and sellIn doesn't change      # src/test/resources/Sulfuras.feature:3
  Given item named "Sulfuras, Hand of Ragnaros" with quality 80 and sellIn 0 # com.gildedrose.Tests.item_named_with_quality_and_sell_in(java.lang.String,java.lang.Integer,java.lang.Integer)
  When 1 days pass                                                           # com.gildedrose.Tests.days_pass(java.lang.Integer)
  Then quality should be 80 and sellIn should be 0                           # com.gildedrose.Tests.quality_should_be_and_sell_in_should_be(java.lang.Integer,java.lang.Integer)
]]></system-out>
  <system-err><![CDATA[]]></system-err>
</testsuite>
