<?xml version="1.0" encoding="UTF-8"?>
<testsuite name="Verify default item behaviour" tests="4" skipped="0" failures="0" errors="0" timestamp="2020-11-21T18:52:06" hostname="Workbook Pro" time="0.03">
  <properties/>
  <testcase name="Quality should never be negative" classname="Verify default item behaviour" time="0.014"/>
  <testcase name="Quality should degrade by 1 before expiration" classname="Verify default item behaviour" time="0.004"/>
  <testcase name="Quality should degrade by 2 after expiration #1" classname="Verify default item behaviour" time="0.004"/>
  <testcase name="Quality should degrade by 2 after expiration #2" classname="Verify default item behaviour" time="0.007"/>
  <system-out><![CDATA[
Scenario: Quality should never be negative                # src/test/resources/DefaultItem.feature:3
  Given item named "testItem" with quality 0 and sellIn 5 # com.gildedrose.Tests.item_named_with_quality_and_sell_in(java.lang.String,java.lang.Integer,java.lang.Integer)
  When 1 days pass                                        # com.gildedrose.Tests.days_pass(java.lang.Integer)
  Then quality should be 0 and sellIn should be 4         # com.gildedrose.Tests.quality_should_be_and_sell_in_should_be(java.lang.Integer,java.lang.Integer)

Scenario: Quality should degrade by 1 before expiration    # src/test/resources/DefaultItem.feature:8
  Given item named "testItem" with quality 50 and sellIn 5 # com.gildedrose.Tests.item_named_with_quality_and_sell_in(java.lang.String,java.lang.Integer,java.lang.Integer)
  When 1 days pass                                         # com.gildedrose.Tests.days_pass(java.lang.Integer)
  Then quality should be 49 and sellIn should be 4         # com.gildedrose.Tests.quality_should_be_and_sell_in_should_be(java.lang.Integer,java.lang.Integer)

Scenario: Quality should degrade by 2 after expiration     # src/test/resources/DefaultItem.feature:13
  Given item named "testItem" with quality 50 and sellIn 0 # com.gildedrose.Tests.item_named_with_quality_and_sell_in(java.lang.String,java.lang.Integer,java.lang.Integer)
  When 1 days pass                                         # com.gildedrose.Tests.days_pass(java.lang.Integer)
  Then quality should be 48 and sellIn should be -1        # com.gildedrose.Tests.quality_should_be_and_sell_in_should_be(java.lang.Integer,java.lang.Integer)

Scenario: Quality should degrade by 2 after expiration      # src/test/resources/DefaultItem.feature:18
  Given item named "testItem" with quality 55 and sellIn 10 # com.gildedrose.Tests.item_named_with_quality_and_sell_in(java.lang.String,java.lang.Integer,java.lang.Integer)
  When 1 days pass                                          # com.gildedrose.Tests.days_pass(java.lang.Integer)
  Then quality should be 50 and sellIn should be 9          # com.gildedrose.Tests.quality_should_be_and_sell_in_should_be(java.lang.Integer,java.lang.Integer)
]]></system-out>
  <system-err><![CDATA[]]></system-err>
</testsuite>
