<?xml version="1.0" encoding="UTF-8"?>
<testsuite name="Verify conjured item behaviour" tests="3" skipped="0" failures="0" errors="0" timestamp="2020-11-21T18:52:06" hostname="Workbook Pro" time="0.018">
  <properties/>
  <testcase name="Quality should never be negative" classname="Verify conjured item behaviour" time="0.006"/>
  <testcase name="Quality should degrade by 2 before expiration" classname="Verify conjured item behaviour" time="0.006"/>
  <testcase name="Quality should degrade by 4 after expiration" classname="Verify conjured item behaviour" time="0.005"/>
  <system-out><![CDATA[
Scenario: Quality should never be negative                # src/test/resources/ConjuredItem.feature:3
  Given item named "Conjured" with quality 0 and sellIn 5 # com.gildedrose.Tests.item_named_with_quality_and_sell_in(java.lang.String,java.lang.Integer,java.lang.Integer)
  When 1 days pass                                        # com.gildedrose.Tests.days_pass(java.lang.Integer)
  Then quality should be 0 and sellIn should be 4         # com.gildedrose.Tests.quality_should_be_and_sell_in_should_be(java.lang.Integer,java.lang.Integer)

Scenario: Quality should degrade by 2 before expiration       # src/test/resources/ConjuredItem.feature:8
  Given item named "ConjuredBow" with quality 50 and sellIn 5 # com.gildedrose.Tests.item_named_with_quality_and_sell_in(java.lang.String,java.lang.Integer,java.lang.Integer)
  When 1 days pass                                            # com.gildedrose.Tests.days_pass(java.lang.Integer)
  Then quality should be 48 and sellIn should be 4            # com.gildedrose.Tests.quality_should_be_and_sell_in_should_be(java.lang.Integer,java.lang.Integer)

Scenario: Quality should degrade by 4 after expiration         # src/test/resources/ConjuredItem.feature:13
  Given item named "ConjuredTest" with quality 50 and sellIn 0 # com.gildedrose.Tests.item_named_with_quality_and_sell_in(java.lang.String,java.lang.Integer,java.lang.Integer)
  When 1 days pass                                             # com.gildedrose.Tests.days_pass(java.lang.Integer)
  Then quality should be 46 and sellIn should be -1            # com.gildedrose.Tests.quality_should_be_and_sell_in_should_be(java.lang.Integer,java.lang.Integer)
]]></system-out>
  <system-err><![CDATA[]]></system-err>
</testsuite>
